app/build/intermediates/manifest_merge_blame_file/debug/manifest-merger-blame-debug-report.txt
1<?xml version="1.0" encoding="utf-8"?>
2<manifest xmlns:android="http://schemas.android.com/apk/res/android"
3    package="com.knets.jr.debug"
4    android:versionCode="1"
5    android:versionName="1.0" >
6
7    <uses-sdk
8        android:minSdkVersion="23"
9        android:targetSdkVersion="34" />
10
11    <!-- Internet permission for API calls -->
12    <uses-permission android:name="android.permission.INTERNET" />
12-->src/main/AndroidManifest.xml:6:5-67
12-->src/main/AndroidManifest.xml:6:22-64
13    <uses-permission android:name="android.permission.ACCESS_NETWORK_STATE" />
13-->src/main/AndroidManifest.xml:7:5-79
13-->src/main/AndroidManifest.xml:7:22-76
14
15    <!-- Location permissions for GPS tracking - Android 13 compatible -->
16    <uses-permission android:name="android.permission.ACCESS_FINE_LOCATION" />
16-->src/main/AndroidManifest.xml:10:5-79
16-->src/main/AndroidManifest.xml:10:22-76
17    <uses-permission android:name="android.permission.ACCESS_COARSE_LOCATION" />
17-->src/main/AndroidManifest.xml:11:5-81
17-->src/main/AndroidManifest.xml:11:22-78
18    <!-- Background location only when app needs it -->
19    <uses-permission android:name="android.permission.ACCESS_BACKGROUND_LOCATION" />
19-->src/main/AndroidManifest.xml:13:5-14:32
19-->src/main/AndroidManifest.xml:13:22-82
20
21    <!-- Device admin permissions for parental control -->
22    <uses-permission android:name="android.permission.BIND_DEVICE_ADMIN" />
22-->src/main/AndroidManifest.xml:17:5-76
22-->src/main/AndroidManifest.xml:17:22-73
23    <uses-permission android:name="android.permission.WRITE_SETTINGS" />
23-->src/main/AndroidManifest.xml:18:5-19:47
23-->src/main/AndroidManifest.xml:18:22-70
24    <uses-permission android:name="android.permission.CHANGE_WIFI_STATE" />
24-->src/main/AndroidManifest.xml:20:5-76
24-->src/main/AndroidManifest.xml:20:22-73
25    <uses-permission android:name="android.permission.ACCESS_WIFI_STATE" />
25-->src/main/AndroidManifest.xml:21:5-76
25-->src/main/AndroidManifest.xml:21:22-73
26
27    <!-- Phone state for IMEI and network info - Android 13 compatible -->
28    <uses-permission android:name="android.permission.READ_PHONE_STATE" />
28-->src/main/AndroidManifest.xml:24:5-75
28-->src/main/AndroidManifest.xml:24:22-72
29    <uses-permission android:name="android.permission.READ_BASIC_PHONE_STATE" />
29-->src/main/AndroidManifest.xml:25:5-81
29-->src/main/AndroidManifest.xml:25:22-78
30    <!-- Removed READ_PHONE_NUMBERS as it's not needed and causes issues on Android 13+ -->
31
32
33    <!-- Storage permissions - Android 13+ compatible approach -->
34    <uses-permission
34-->src/main/AndroidManifest.xml:29:5-30:38
35        android:name="android.permission.WRITE_EXTERNAL_STORAGE"
35-->src/main/AndroidManifest.xml:29:22-78
36        android:maxSdkVersion="32" />
36-->src/main/AndroidManifest.xml:30:9-35
37    <uses-permission
37-->src/main/AndroidManifest.xml:31:5-32:38
38        android:name="android.permission.READ_EXTERNAL_STORAGE"
38-->src/main/AndroidManifest.xml:31:22-77
39        android:maxSdkVersion="32" />
39-->src/main/AndroidManifest.xml:32:9-35
40    <!-- For Android 13+ use scoped storage -->
41    <uses-permission android:name="android.permission.READ_MEDIA_IMAGES" />
41-->src/main/AndroidManifest.xml:34:5-76
41-->src/main/AndroidManifest.xml:34:22-73
42    <uses-permission android:name="android.permission.READ_MEDIA_VIDEO" />
42-->src/main/AndroidManifest.xml:35:5-75
42-->src/main/AndroidManifest.xml:35:22-72
43    <uses-permission android:name="android.permission.READ_MEDIA_AUDIO" />
43-->src/main/AndroidManifest.xml:36:5-75
43-->src/main/AndroidManifest.xml:36:22-72
44
45    <!-- Notification permissions for Android 13+ -->
46    <uses-permission android:name="android.permission.POST_NOTIFICATIONS" />
46-->src/main/AndroidManifest.xml:39:5-77
46-->src/main/AndroidManifest.xml:39:22-74
47
48    <!-- Accessibility service for app blocking -->
49    <uses-permission android:name="android.permission.BIND_ACCESSIBILITY_SERVICE" />
49-->src/main/AndroidManifest.xml:42:5-43:47
49-->src/main/AndroidManifest.xml:42:22-82
50    <uses-permission android:name="android.permission.WAKE_LOCK" />
50-->[androidx.work:work-runtime:2.9.0] AndroidManifest.xml:23:5-68
50-->[androidx.work:work-runtime:2.9.0] AndroidManifest.xml:23:22-65
51    <uses-permission android:name="android.permission.RECEIVE_BOOT_COMPLETED" />
51-->[androidx.work:work-runtime:2.9.0] AndroidManifest.xml:25:5-81
51-->[androidx.work:work-runtime:2.9.0] AndroidManifest.xml:25:22-78
52    <uses-permission android:name="android.permission.FOREGROUND_SERVICE" />
52-->[androidx.work:work-runtime:2.9.0] AndroidManifest.xml:26:5-77
52-->[androidx.work:work-runtime:2.9.0] AndroidManifest.xml:26:22-74
53
54    <permission
54-->[androidx.core:core:1.12.0] AndroidManifest.xml:22:5-24:47
55        android:name="com.knets.jr.debug.DYNAMIC_RECEIVER_NOT_EXPORTED_PERMISSION"
55-->[androidx.core:core:1.12.0] AndroidManifest.xml:23:9-81
56        android:protectionLevel="signature" />
56-->[androidx.core:core:1.12.0] AndroidManifest.xml:24:9-44
57
58    <uses-permission android:name="com.knets.jr.debug.DYNAMIC_RECEIVER_NOT_EXPORTED_PERMISSION" />
58-->[androidx.core:core:1.12.0] AndroidManifest.xml:26:5-97
58-->[androidx.core:core:1.12.0] AndroidManifest.xml:26:22-94
59
60    <application
60-->src/main/AndroidManifest.xml:45:5-136:19
61        android:allowBackup="true"
61-->src/main/AndroidManifest.xml:46:9-35
62        android:appComponentFactory="androidx.core.app.CoreComponentFactory"
62-->[androidx.core:core:1.12.0] AndroidManifest.xml:28:18-86
63        android:dataExtractionRules="@xml/data_extraction_rules"
63-->src/main/AndroidManifest.xml:47:9-65
64        android:debuggable="true"
65        android:enableOnBackInvokedCallback="true"
65-->src/main/AndroidManifest.xml:57:9-51
66        android:extractNativeLibs="false"
67        android:fullBackupContent="@xml/backup_rules"
67-->src/main/AndroidManifest.xml:48:9-54
68        android:hardwareAccelerated="true"
68-->src/main/AndroidManifest.xml:59:9-43
69        android:icon="@mipmap/ic_launcher"
69-->src/main/AndroidManifest.xml:49:9-43
70        android:label="@string/app_name"
70-->src/main/AndroidManifest.xml:50:9-41
71        android:largeHeap="true"
71-->src/main/AndroidManifest.xml:58:9-33
72        android:networkSecurityConfig="@xml/network_security_config"
72-->src/main/AndroidManifest.xml:55:9-69
73        android:requestLegacyExternalStorage="true"
73-->src/main/AndroidManifest.xml:56:9-52
74        android:resizeableActivity="true"
74-->src/main/AndroidManifest.xml:60:9-42
75        android:roundIcon="@mipmap/ic_launcher_round"
75-->src/main/AndroidManifest.xml:51:9-54
76        android:supportsRtl="true"
76-->src/main/AndroidManifest.xml:52:9-35
77        android:theme="@style/Theme.KnetsJr"
77-->src/main/AndroidManifest.xml:53:9-45
78        android:usesCleartextTraffic="true" >
78-->src/main/AndroidManifest.xml:54:9-44
79        <activity
79-->src/main/AndroidManifest.xml:63:9-82:20
80            android:name="com.knets.jr.MainActivity"
80-->src/main/AndroidManifest.xml:64:13-41
81            android:configChanges="orientation|screenSize|keyboardHidden"
81-->src/main/AndroidManifest.xml:69:13-74
82            android:exported="true"
82-->src/main/AndroidManifest.xml:65:13-36
83            android:launchMode="singleTop"
83-->src/main/AndroidManifest.xml:68:13-43
84            android:screenOrientation="portrait"
84-->src/main/AndroidManifest.xml:67:13-49
85            android:theme="@style/Theme.KnetsJr"
85-->src/main/AndroidManifest.xml:66:13-49
86            android:windowSoftInputMode="adjustResize" >
86-->src/main/AndroidManifest.xml:70:13-55
87            <intent-filter android:autoVerify="true" >
87-->src/main/AndroidManifest.xml:71:13-74:29
87-->src/main/AndroidManifest.xml:71:28-53
88                <action android:name="android.intent.action.MAIN" />
88-->src/main/AndroidManifest.xml:72:17-69
88-->src/main/AndroidManifest.xml:72:25-66
89
90                <category android:name="android.intent.category.LAUNCHER" />
90-->src/main/AndroidManifest.xml:73:17-77
90-->src/main/AndroidManifest.xml:73:27-74
91            </intent-filter>
92
93            <!-- Android 13+ explicit intent filter -->
94            <intent-filter>
94-->src/main/AndroidManifest.xml:77:13-81:29
95                <action android:name="android.intent.action.VIEW" />
95-->src/main/AndroidManifest.xml:78:17-69
95-->src/main/AndroidManifest.xml:78:25-66
96
97                <category android:name="android.intent.category.DEFAULT" />
97-->src/main/AndroidManifest.xml:79:17-76
97-->src/main/AndroidManifest.xml:79:27-73
98                <category android:name="android.intent.category.BROWSABLE" />
98-->src/main/AndroidManifest.xml:80:17-78
98-->src/main/AndroidManifest.xml:80:27-75
99            </intent-filter>
100        </activity>
101
102        <!-- Device Admin Receiver -->
103        <receiver
103-->src/main/AndroidManifest.xml:85:9-95:20
104            android:name="com.knets.jr.KnetsDeviceAdminReceiver"
104-->src/main/AndroidManifest.xml:85:19-59
105            android:exported="true"
105-->src/main/AndroidManifest.xml:88:13-36
106            android:label="@string/device_admin_description"
106-->src/main/AndroidManifest.xml:86:13-61
107            android:permission="android.permission.BIND_DEVICE_ADMIN" >
107-->src/main/AndroidManifest.xml:87:13-70
108            <meta-data
108-->src/main/AndroidManifest.xml:89:13-90:56
109                android:name="android.app.device_admin"
109-->src/main/AndroidManifest.xml:89:24-63
110                android:resource="@xml/device_admin" />
110-->src/main/AndroidManifest.xml:90:17-53
111
112            <intent-filter>
112-->src/main/AndroidManifest.xml:91:13-94:29
113                <action android:name="android.app.action.DEVICE_ADMIN_ENABLED" />
113-->src/main/AndroidManifest.xml:92:17-82
113-->src/main/AndroidManifest.xml:92:25-79
114                <action android:name="android.app.action.DEVICE_ADMIN_DISABLED" />
114-->src/main/AndroidManifest.xml:93:17-83
114-->src/main/AndroidManifest.xml:93:25-80
115            </intent-filter>
116        </receiver>
117
118        <!-- Location Service -->
119        <service
119-->src/main/AndroidManifest.xml:98:9-101:56
120            android:name="com.knets.jr.LocationService"
120-->src/main/AndroidManifest.xml:98:18-49
121            android:enabled="true"
121-->src/main/AndroidManifest.xml:99:13-35
122            android:exported="false"
122-->src/main/AndroidManifest.xml:100:13-37
123            android:foregroundServiceType="location" />
123-->src/main/AndroidManifest.xml:101:13-53
124
125        <!-- Enhanced Multi-Layer Location Service -->
126        <service
126-->src/main/AndroidManifest.xml:104:9-107:56
127            android:name="com.knets.jr.EnhancedLocationService"
127-->src/main/AndroidManifest.xml:104:18-57
128            android:enabled="true"
128-->src/main/AndroidManifest.xml:105:13-35
129            android:exported="false"
129-->src/main/AndroidManifest.xml:106:13-37
130            android:foregroundServiceType="location" />
130-->src/main/AndroidManifest.xml:107:13-53
131
132        <!-- Enhanced Bulletproof Polling Service for reliable parent command monitoring -->
133        <service
133-->src/main/AndroidManifest.xml:110:9-113:56
134            android:name="com.knets.jr.BulletproofPollingService"
134-->src/main/AndroidManifest.xml:110:18-59
135            android:enabled="true"
135-->src/main/AndroidManifest.xml:111:13-35
136            android:exported="false"
136-->src/main/AndroidManifest.xml:112:13-37
137            android:foregroundServiceType="dataSync" />
137-->src/main/AndroidManifest.xml:113:13-53
138
139        <!-- Legacy Server Polling Service for fallback compatibility -->
140        <service
140-->src/main/AndroidManifest.xml:116:9-119:56
141            android:name="com.knets.jr.ServerPollingService"
141-->src/main/AndroidManifest.xml:116:18-54
142            android:enabled="true"
142-->src/main/AndroidManifest.xml:117:13-35
143            android:exported="false"
143-->src/main/AndroidManifest.xml:118:13-37
144            android:foregroundServiceType="dataSync" />
144-->src/main/AndroidManifest.xml:119:13-53
145
146        <!-- Accessibility Service for App Blocking (Disabled for core build) -->
147        <!--
148        <service
149            android:name=".AppBlockingService"
150            android:permission="android.permission.BIND_ACCESSIBILITY_SERVICE"
151            android:exported="true">
152            <intent-filter>
153                <action android:name="android.accessibilityservice.AccessibilityService" />
154            </intent-filter>
155            <meta-data
156                android:name="android.accessibilityservice"
157                android:resource="@xml/accessibility_service_config" />
158        </service>
159        -->
160
161        <provider
161-->[androidx.work:work-runtime:2.9.0] AndroidManifest.xml:29:9-37:20
162            android:name="androidx.startup.InitializationProvider"
162-->[androidx.work:work-runtime:2.9.0] AndroidManifest.xml:30:13-67
163            android:authorities="com.knets.jr.debug.androidx-startup"
163-->[androidx.work:work-runtime:2.9.0] AndroidManifest.xml:31:13-68
164            android:exported="false" >
164-->[androidx.work:work-runtime:2.9.0] AndroidManifest.xml:32:13-37
165            <meta-data
165-->[androidx.work:work-runtime:2.9.0] AndroidManifest.xml:34:13-36:52
166                android:name="androidx.work.WorkManagerInitializer"
166-->[androidx.work:work-runtime:2.9.0] AndroidManifest.xml:35:17-68
167                android:value="androidx.startup" />
167-->[androidx.work:work-runtime:2.9.0] AndroidManifest.xml:36:17-49
168            <meta-data
168-->[androidx.emoji2:emoji2:1.2.0] AndroidManifest.xml:29:13-31:52
169                android:name="androidx.emoji2.text.EmojiCompatInitializer"
169-->[androidx.emoji2:emoji2:1.2.0] AndroidManifest.xml:30:17-75
170                android:value="androidx.startup" />
170-->[androidx.emoji2:emoji2:1.2.0] AndroidManifest.xml:31:17-49
171            <meta-data
171-->[androidx.lifecycle:lifecycle-process:2.6.1] AndroidManifest.xml:29:13-31:52
172                android:name="androidx.lifecycle.ProcessLifecycleInitializer"
172-->[androidx.lifecycle:lifecycle-process:2.6.1] AndroidManifest.xml:30:17-78
173                android:value="androidx.startup" />
173-->[androidx.lifecycle:lifecycle-process:2.6.1] AndroidManifest.xml:31:17-49
174            <meta-data
174-->[androidx.profileinstaller:profileinstaller:1.3.0] AndroidManifest.xml:29:13-31:52
175                android:name="androidx.profileinstaller.ProfileInstallerInitializer"
175-->[androidx.profileinstaller:profileinstaller:1.3.0] AndroidManifest.xml:30:17-85
176                android:value="androidx.startup" />
176-->[androidx.profileinstaller:profileinstaller:1.3.0] AndroidManifest.xml:31:17-49
177        </provider>
178
179        <service
179-->[androidx.work:work-runtime:2.9.0] AndroidManifest.xml:39:9-45:35
180            android:name="androidx.work.impl.background.systemalarm.SystemAlarmService"
180-->[androidx.work:work-runtime:2.9.0] AndroidManifest.xml:40:13-88
181            android:directBootAware="false"
181-->[androidx.work:work-runtime:2.9.0] AndroidManifest.xml:41:13-44
182            android:enabled="@bool/enable_system_alarm_service_default"
182-->[androidx.work:work-runtime:2.9.0] AndroidManifest.xml:42:13-72
183            android:exported="false" />
183-->[androidx.work:work-runtime:2.9.0] AndroidManifest.xml:43:13-37
184        <service
184-->[androidx.work:work-runtime:2.9.0] AndroidManifest.xml:46:9-52:35
185            android:name="androidx.work.impl.background.systemjob.SystemJobService"
185-->[androidx.work:work-runtime:2.9.0] AndroidManifest.xml:47:13-84
186            android:directBootAware="false"
186-->[androidx.work:work-runtime:2.9.0] AndroidManifest.xml:48:13-44
187            android:enabled="@bool/enable_system_job_service_default"
187-->[androidx.work:work-runtime:2.9.0] AndroidManifest.xml:49:13-70
188            android:exported="true"
188-->[androidx.work:work-runtime:2.9.0] AndroidManifest.xml:50:13-36
189            android:permission="android.permission.BIND_JOB_SERVICE" />
189-->[androidx.work:work-runtime:2.9.0] AndroidManifest.xml:51:13-69
190        <service
190-->[androidx.work:work-runtime:2.9.0] AndroidManifest.xml:53:9-59:35
191            android:name="androidx.work.impl.foreground.SystemForegroundService"
191-->[androidx.work:work-runtime:2.9.0] AndroidManifest.xml:54:13-81
192            android:directBootAware="false"
192-->[androidx.work:work-runtime:2.9.0] AndroidManifest.xml:55:13-44
193            android:enabled="@bool/enable_system_foreground_service_default"
193-->[androidx.work:work-runtime:2.9.0] AndroidManifest.xml:56:13-77
194            android:exported="false" />
194-->[androidx.work:work-runtime:2.9.0] AndroidManifest.xml:57:13-37
195
196        <receiver
196-->[androidx.work:work-runtime:2.9.0] AndroidManifest.xml:61:9-66:35
197            android:name="androidx.work.impl.utils.ForceStopRunnable$BroadcastReceiver"
197-->[androidx.work:work-runtime:2.9.0] AndroidManifest.xml:62:13-88
198            android:directBootAware="false"
198-->[androidx.work:work-runtime:2.9.0] AndroidManifest.xml:63:13-44
199            android:enabled="true"
199-->[androidx.work:work-runtime:2.9.0] AndroidManifest.xml:64:13-35
200            android:exported="false" />
200-->[androidx.work:work-runtime:2.9.0] AndroidManifest.xml:65:13-37
201        <receiver
201-->[androidx.work:work-runtime:2.9.0] AndroidManifest.xml:67:9-77:20
202            android:name="androidx.work.impl.background.systemalarm.ConstraintProxy$BatteryChargingProxy"
202-->[androidx.work:work-runtime:2.9.0] AndroidManifest.xml:68:13-106
203            android:directBootAware="false"
203-->[androidx.work:work-runtime:2.9.0] AndroidManifest.xml:69:13-44
204            android:enabled="false"
204-->[androidx.work:work-runtime:2.9.0] AndroidManifest.xml:70:13-36
205            android:exported="false" >
205-->[androidx.work:work-runtime:2.9.0] AndroidManifest.xml:71:13-37
206            <intent-filter>
206-->[androidx.work:work-runtime:2.9.0] AndroidManifest.xml:73:13-76:29
207                <action android:name="android.intent.action.ACTION_POWER_CONNECTED" />
207-->[androidx.work:work-runtime:2.9.0] AndroidManifest.xml:74:17-87
207-->[androidx.work:work-runtime:2.9.0] AndroidManifest.xml:74:25-84
208                <action android:name="android.intent.action.ACTION_POWER_DISCONNECTED" />
208-->[androidx.work:work-runtime:2.9.0] AndroidManifest.xml:75:17-90
208-->[androidx.work:work-runtime:2.9.0] AndroidManifest.xml:75:25-87
209            </intent-filter>
210        </receiver>
211        <receiver
211-->[androidx.work:work-runtime:2.9.0] AndroidManifest.xml:78:9-88:20
212            android:name="androidx.work.impl.background.systemalarm.ConstraintProxy$BatteryNotLowProxy"
212-->[androidx.work:work-runtime:2.9.0] AndroidManifest.xml:79:13-104
213            android:directBootAware="false"
213-->[androidx.work:work-runtime:2.9.0] AndroidManifest.xml:80:13-44
214            android:enabled="false"
214-->[androidx.work:work-runtime:2.9.0] AndroidManifest.xml:81:13-36
215            android:exported="false" >
215-->[androidx.work:work-runtime:2.9.0] AndroidManifest.xml:82:13-37
216            <intent-filter>
216-->[androidx.work:work-runtime:2.9.0] AndroidManifest.xml:84:13-87:29
217                <action android:name="android.intent.action.BATTERY_OKAY" />
217-->[androidx.work:work-runtime:2.9.0] AndroidManifest.xml:85:17-77
217-->[androidx.work:work-runtime:2.9.0] AndroidManifest.xml:85:25-74
218                <action android:name="android.intent.action.BATTERY_LOW" />
218-->[androidx.work:work-runtime:2.9.0] AndroidManifest.xml:86:17-76
218-->[androidx.work:work-runtime:2.9.0] AndroidManifest.xml:86:25-73
219            </intent-filter>
220        </receiver>
221        <receiver
221-->[androidx.work:work-runtime:2.9.0] AndroidManifest.xml:89:9-99:20
222            android:name="androidx.work.impl.background.systemalarm.ConstraintProxy$StorageNotLowProxy"
222-->[androidx.work:work-runtime:2.9.0] AndroidManifest.xml:90:13-104
223            android:directBootAware="false"
223-->[androidx.work:work-runtime:2.9.0] AndroidManifest.xml:91:13-44
224            android:enabled="false"
224-->[androidx.work:work-runtime:2.9.0] AndroidManifest.xml:92:13-36
225            android:exported="false" >
225-->[androidx.work:work-runtime:2.9.0] AndroidManifest.xml:93:13-37
226            <intent-filter>
226-->[androidx.work:work-runtime:2.9.0] AndroidManifest.xml:95:13-98:29
227                <action android:name="android.intent.action.DEVICE_STORAGE_LOW" />
227-->[androidx.work:work-runtime:2.9.0] AndroidManifest.xml:96:17-83
227-->[androidx.work:work-runtime:2.9.0] AndroidManifest.xml:96:25-80
228                <action android:name="android.intent.action.DEVICE_STORAGE_OK" />
228-->[androidx.work:work-runtime:2.9.0] AndroidManifest.xml:97:17-82
228-->[androidx.work:work-runtime:2.9.0] AndroidManifest.xml:97:25-79
229            </intent-filter>
230        </receiver>
231        <receiver
231-->[androidx.work:work-runtime:2.9.0] AndroidManifest.xml:100:9-109:20
232            android:name="androidx.work.impl.background.systemalarm.ConstraintProxy$NetworkStateProxy"
232-->[androidx.work:work-runtime:2.9.0] AndroidManifest.xml:101:13-103
233            android:directBootAware="false"
233-->[androidx.work:work-runtime:2.9.0] AndroidManifest.xml:102:13-44
234            android:enabled="false"
234-->[androidx.work:work-runtime:2.9.0] AndroidManifest.xml:103:13-36
235            android:exported="false" >
235-->[androidx.work:work-runtime:2.9.0] AndroidManifest.xml:104:13-37
236            <intent-filter>
236-->[androidx.work:work-runtime:2.9.0] AndroidManifest.xml:106:13-108:29
237                <action android:name="android.net.conn.CONNECTIVITY_CHANGE" />
237-->[androidx.work:work-runtime:2.9.0] AndroidManifest.xml:107:17-79
237-->[androidx.work:work-runtime:2.9.0] AndroidManifest.xml:107:25-76
238            </intent-filter>
239        </receiver>
240        <receiver
240-->[androidx.work:work-runtime:2.9.0] AndroidManifest.xml:110:9-121:20
241            android:name="androidx.work.impl.background.systemalarm.RescheduleReceiver"
241-->[androidx.work:work-runtime:2.9.0] AndroidManifest.xml:111:13-88
242            android:directBootAware="false"
242-->[androidx.work:work-runtime:2.9.0] AndroidManifest.xml:112:13-44
243            android:enabled="false"
243-->[androidx.work:work-runtime:2.9.0] AndroidManifest.xml:113:13-36
244            android:exported="false" >
244-->[androidx.work:work-runtime:2.9.0] AndroidManifest.xml:114:13-37
245            <intent-filter>
245-->[androidx.work:work-runtime:2.9.0] AndroidManifest.xml:116:13-120:29
246                <action android:name="android.intent.action.BOOT_COMPLETED" />
246-->[androidx.work:work-runtime:2.9.0] AndroidManifest.xml:117:17-79
246-->[androidx.work:work-runtime:2.9.0] AndroidManifest.xml:117:25-76
247                <action android:name="android.intent.action.TIME_SET" />
247-->[androidx.work:work-runtime:2.9.0] AndroidManifest.xml:118:17-73
247-->[androidx.work:work-runtime:2.9.0] AndroidManifest.xml:118:25-70
248                <action android:name="android.intent.action.TIMEZONE_CHANGED" />
248-->[androidx.work:work-runtime:2.9.0] AndroidManifest.xml:119:17-81
248-->[androidx.work:work-runtime:2.9.0] AndroidManifest.xml:119:25-78
249            </intent-filter>
250        </receiver>
251        <receiver
251-->[androidx.work:work-runtime:2.9.0] AndroidManifest.xml:122:9-131:20
252            android:name="androidx.work.impl.background.systemalarm.ConstraintProxyUpdateReceiver"
252-->[androidx.work:work-runtime:2.9.0] AndroidManifest.xml:123:13-99
253            android:directBootAware="false"
253-->[androidx.work:work-runtime:2.9.0] AndroidManifest.xml:124:13-44
254            android:enabled="@bool/enable_system_alarm_service_default"
254-->[androidx.work:work-runtime:2.9.0] AndroidManifest.xml:125:13-72
255            android:exported="false" >
255-->[androidx.work:work-runtime:2.9.0] AndroidManifest.xml:126:13-37
256            <intent-filter>
256-->[androidx.work:work-runtime:2.9.0] AndroidManifest.xml:128:13-130:29
257                <action android:name="androidx.work.impl.background.systemalarm.UpdateProxies" />
257-->[androidx.work:work-runtime:2.9.0] AndroidManifest.xml:129:17-98
257-->[androidx.work:work-runtime:2.9.0] AndroidManifest.xml:129:25-95
258            </intent-filter>
259        </receiver>
260        <receiver
260-->[androidx.work:work-runtime:2.9.0] AndroidManifest.xml:132:9-142:20
261            android:name="androidx.work.impl.diagnostics.DiagnosticsReceiver"
261-->[androidx.work:work-runtime:2.9.0] AndroidManifest.xml:133:13-78
262            android:directBootAware="false"
262-->[androidx.work:work-runtime:2.9.0] AndroidManifest.xml:134:13-44
263            android:enabled="true"
263-->[androidx.work:work-runtime:2.9.0] AndroidManifest.xml:135:13-35
264            android:exported="true"
264-->[androidx.work:work-runtime:2.9.0] AndroidManifest.xml:136:13-36
265            android:permission="android.permission.DUMP" >
265-->[androidx.work:work-runtime:2.9.0] AndroidManifest.xml:137:13-57
266            <intent-filter>
266-->[androidx.work:work-runtime:2.9.0] AndroidManifest.xml:139:13-141:29
267                <action android:name="androidx.work.diagnostics.REQUEST_DIAGNOSTICS" />
267-->[androidx.work:work-runtime:2.9.0] AndroidManifest.xml:140:17-88
267-->[androidx.work:work-runtime:2.9.0] AndroidManifest.xml:140:25-85
268            </intent-filter>
269        </receiver>
270        <receiver
270-->[androidx.profileinstaller:profileinstaller:1.3.0] AndroidManifest.xml:34:9-52:20
271            android:name="androidx.profileinstaller.ProfileInstallReceiver"
271-->[androidx.profileinstaller:profileinstaller:1.3.0] AndroidManifest.xml:35:13-76
272            android:directBootAware="false"
272-->[androidx.profileinstaller:profileinstaller:1.3.0] AndroidManifest.xml:36:13-44
273            android:enabled="true"
273-->[androidx.profileinstaller:profileinstaller:1.3.0] AndroidManifest.xml:37:13-35
274            android:exported="true"
274-->[androidx.profileinstaller:profileinstaller:1.3.0] AndroidManifest.xml:38:13-36
275            android:permission="android.permission.DUMP" >
275-->[androidx.profileinstaller:profileinstaller:1.3.0] AndroidManifest.xml:39:13-57
276            <intent-filter>
276-->[androidx.profileinstaller:profileinstaller:1.3.0] AndroidManifest.xml:40:13-42:29
277                <action android:name="androidx.profileinstaller.action.INSTALL_PROFILE" />
277-->[androidx.profileinstaller:profileinstaller:1.3.0] AndroidManifest.xml:41:17-91
277-->[androidx.profileinstaller:profileinstaller:1.3.0] AndroidManifest.xml:41:25-88
278            </intent-filter>
279            <intent-filter>
279-->[androidx.profileinstaller:profileinstaller:1.3.0] AndroidManifest.xml:43:13-45:29
280                <action android:name="androidx.profileinstaller.action.SKIP_FILE" />
280-->[androidx.profileinstaller:profileinstaller:1.3.0] AndroidManifest.xml:44:17-85
280-->[androidx.profileinstaller:profileinstaller:1.3.0] AndroidManifest.xml:44:25-82
281            </intent-filter>
282            <intent-filter>
282-->[androidx.profileinstaller:profileinstaller:1.3.0] AndroidManifest.xml:46:13-48:29
283                <action android:name="androidx.profileinstaller.action.SAVE_PROFILE" />
283-->[androidx.profileinstaller:profileinstaller:1.3.0] AndroidManifest.xml:47:17-88
283-->[androidx.profileinstaller:profileinstaller:1.3.0] AndroidManifest.xml:47:25-85
284            </intent-filter>
285            <intent-filter>
285-->[androidx.profileinstaller:profileinstaller:1.3.0] AndroidManifest.xml:49:13-51:29
286                <action android:name="androidx.profileinstaller.action.BENCHMARK_OPERATION" />
286-->[androidx.profileinstaller:profileinstaller:1.3.0] AndroidManifest.xml:50:17-95
286-->[androidx.profileinstaller:profileinstaller:1.3.0] AndroidManifest.xml:50:25-92
287            </intent-filter>
288        </receiver>
289
290        <service
290-->[androidx.room:room-runtime:2.5.0] AndroidManifest.xml:24:9-28:63
291            android:name="androidx.room.MultiInstanceInvalidationService"
291-->[androidx.room:room-runtime:2.5.0] AndroidManifest.xml:25:13-74
292            android:directBootAware="true"
292-->[androidx.room:room-runtime:2.5.0] AndroidManifest.xml:26:13-43
293            android:exported="false" />
293-->[androidx.room:room-runtime:2.5.0] AndroidManifest.xml:27:13-37
294    </application>
295
296</manifest>